Flow report for ProjetoFinal
Mon May 24 17:39:48 2021
Quartus Prime Version 20.1.1 Build 720 11/11/2020 SJ Lite Edition


---------------------
; Table of Contents ;
---------------------
  1. Legal Notice
  2. Flow Summary
  3. Flow Settings
  4. Flow Non-Default Global Settings
  5. Flow Elapsed Time
  6. Flow OS Summary
  7. Flow Log
  8. Flow Messages
  9. Flow Suppressed Messages



----------------
; Legal Notice ;
----------------
Copyright (C) 2020  Intel Corporation. All rights reserved.
Your use of Intel Corporation's design tools, logic functions 
and other software and tools, and any partner logic 
functions, and any output files from any of the foregoing 
(including device programming or simulation files), and any 
associated documentation or information are expressly subject 
to the terms and conditions of the Intel Program License 
Subscription Agreement, the Intel Quartus Prime License Agreement,
the Intel FPGA IP License Agreement, or other applicable license
agreement, including, without limitation, that your use is for
the sole purpose of programming logic devices manufactured by
Intel and sold by Intel or its authorized distributors.  Please
refer to the applicable agreement for further details, at
https://fpgasoftware.intel.com/eula.



+----------------------------------------------------------------------------------+
; Flow Summary                                                                     ;
+------------------------------------+---------------------------------------------+
; Flow Status                        ; Successful - Mon May 24 17:39:48 2021       ;
; Quartus Prime Version              ; 20.1.1 Build 720 11/11/2020 SJ Lite Edition ;
; Revision Name                      ; ProjetoFinal                                ;
; Top-level Entity Name              ; ProjetoFinal                                ;
; Family                             ; Cyclone IV GX                               ;
; Total logic elements               ; 131 / 21,280 ( < 1 % )                      ;
;     Total combinational functions  ; 126 / 21,280 ( < 1 % )                      ;
;     Dedicated logic registers      ; 45 / 21,280 ( < 1 % )                       ;
; Total registers                    ; 45                                          ;
; Total pins                         ; 101 / 167 ( 60 % )                          ;
; Total virtual pins                 ; 0                                           ;
; Total memory bits                  ; 0 / 774,144 ( 0 % )                         ;
; Embedded Multiplier 9-bit elements ; 0 / 80 ( 0 % )                              ;
; Total GXB Receiver Channel PCS     ; 0 / 4 ( 0 % )                               ;
; Total GXB Receiver Channel PMA     ; 0 / 4 ( 0 % )                               ;
; Total GXB Transmitter Channel PCS  ; 0 / 4 ( 0 % )                               ;
; Total GXB Transmitter Channel PMA  ; 0 / 4 ( 0 % )                               ;
; Total PLLs                         ; 0 / 4 ( 0 % )                               ;
; Device                             ; EP4CGX22CF19C6                              ;
; Timing Models                      ; Final                                       ;
+------------------------------------+---------------------------------------------+


+-----------------------------------------+
; Flow Settings                           ;
+-------------------+---------------------+
; Option            ; Setting             ;
+-------------------+---------------------+
; Start date & time ; 05/24/2021 17:38:51 ;
; Main task         ; Compilation         ;
; Revision Name     ; ProjetoFinal        ;
+-------------------+---------------------+


+-------------------------------------------------------------------------------------------------------------------------+
; Flow Non-Default Global Settings                                                                                        ;
+-------------------------------------+----------------------------------------+---------------+-------------+------------+
; Assignment Name                     ; Value                                  ; Default Value ; Entity Name ; Section Id ;
+-------------------------------------+----------------------------------------+---------------+-------------+------------+
; COMPILER_SIGNATURE_ID               ; 71126642496813.162188873104872         ; --            ; --          ; --         ;
; PARTITION_COLOR                     ; -- (Not supported for targeted family) ; --            ; --          ; Top        ;
; PARTITION_FITTER_PRESERVATION_LEVEL ; -- (Not supported for targeted family) ; --            ; --          ; Top        ;
; PARTITION_NETLIST_TYPE              ; -- (Not supported for targeted family) ; --            ; --          ; Top        ;
; PROJECT_OUTPUT_DIRECTORY            ; output_files                           ; --            ; --          ; --         ;
+-------------------------------------+----------------------------------------+---------------+-------------+------------+


+--------------------------------------------------------------------------------------------------------------------------+
; Flow Elapsed Time                                                                                                        ;
+----------------------+--------------+-------------------------+---------------------+------------------------------------+
; Module Name          ; Elapsed Time ; Average Processors Used ; Peak Virtual Memory ; Total CPU Time (on all processors) ;
+----------------------+--------------+-------------------------+---------------------+------------------------------------+
; Analysis & Synthesis ; 00:00:09     ; 1.0                     ; 4883 MB             ; 00:00:18                           ;
; Fitter               ; 00:00:14     ; 1.0                     ; 6198 MB             ; 00:00:18                           ;
; Assembler            ; 00:00:01     ; 1.0                     ; 4756 MB             ; 00:00:01                           ;
; Timing Analyzer      ; 00:00:02     ; 1.1                     ; 4867 MB             ; 00:00:02                           ;
; EDA Netlist Writer   ; 00:00:00     ; 1.0                     ; 4703 MB             ; 00:00:01                           ;
; EDA Netlist Writer   ; 00:00:00     ; 1.0                     ; 4708 MB             ; 00:00:01                           ;
; EDA Netlist Writer   ; 00:00:00     ; 1.0                     ; 4703 MB             ; 00:00:01                           ;
; EDA Netlist Writer   ; 00:00:01     ; 1.0                     ; 4708 MB             ; 00:00:01                           ;
; Total                ; 00:00:27     ; --                      ; --                  ; 00:00:43                           ;
+----------------------+--------------+-------------------------+---------------------+------------------------------------+


+------------------------------------------------------------------------------------+
; Flow OS Summary                                                                    ;
+----------------------+------------------+------------+------------+----------------+
; Module Name          ; Machine Hostname ; OS Name    ; OS Version ; Processor type ;
+----------------------+------------------+------------+------------+----------------+
; Analysis & Synthesis ; DESKTOP-OA7JFK3  ; Windows 10 ; 10.0       ; x86_64         ;
; Fitter               ; DESKTOP-OA7JFK3  ; Windows 10 ; 10.0       ; x86_64         ;
; Assembler            ; DESKTOP-OA7JFK3  ; Windows 10 ; 10.0       ; x86_64         ;
; Timing Analyzer      ; DESKTOP-OA7JFK3  ; Windows 10 ; 10.0       ; x86_64         ;
; EDA Netlist Writer   ; DESKTOP-OA7JFK3  ; Windows 10 ; 10.0       ; x86_64         ;
; EDA Netlist Writer   ; DESKTOP-OA7JFK3  ; Windows 10 ; 10.0       ; x86_64         ;
; EDA Netlist Writer   ; DESKTOP-OA7JFK3  ; Windows 10 ; 10.0       ; x86_64         ;
; EDA Netlist Writer   ; DESKTOP-OA7JFK3  ; Windows 10 ; 10.0       ; x86_64         ;
+----------------------+------------------+------------+------------+----------------+


------------
; Flow Log ;
------------
quartus_map --read_settings_files=on --write_settings_files=off ProjetoFinal -c ProjetoFinal
quartus_fit --read_settings_files=off --write_settings_files=off ProjetoFinal -c ProjetoFinal
quartus_asm --read_settings_files=off --write_settings_files=off ProjetoFinal -c ProjetoFinal
quartus_sta ProjetoFinal -c ProjetoFinal
quartus_eda --gen_testbench --tool=modelsim_oem --format=verilog --write_settings_files=off ProjetoFinal -c ProjetoFinal --vector_source="C:/Leo/FACULDADE/QuartoSemestre/Circuitos Digitais/Trabalho Final/ProjetoFinal/Waveform1.vwf" --testbench_file="C:/Leo/FACULDADE/QuartoSemestre/Circuitos Digitais/Trabalho Final/ProjetoFinal/simulation/qsim/Waveform1.vwf.vt"
quartus_eda --write_settings_files=off --simulation=on --functional=on --flatten_buses=off --tool=modelsim_oem --format=verilog --output_directory="C:/Leo/FACULDADE/QuartoSemestre/Circuitos Digitais/Trabalho Final/ProjetoFinal/simulation/qsim/" ProjetoFinal -c ProjetoFinal
quartus_eda --gen_testbench --tool=modelsim_oem --format=verilog --write_settings_files=off ProjetoFinal -c ProjetoFinal --vector_source="C:/Leo/FACULDADE/QuartoSemestre/Circuitos Digitais/Trabalho Final/ProjetoFinal/Waveform1.vwf" --testbench_file="C:/Leo/FACULDADE/QuartoSemestre/Circuitos Digitais/Trabalho Final/ProjetoFinal/simulation/qsim/Waveform1.vwf.vt"
quartus_eda --write_settings_files=off --simulation=on --functional=on --flatten_buses=off --tool=modelsim_oem --format=verilog --output_directory="C:/Leo/FACULDADE/QuartoSemestre/Circuitos Digitais/Trabalho Final/ProjetoFinal/simulation/qsim/" ProjetoFinal -c ProjetoFinal



